2022-11-10 10:44:17,402 - elsapy.elsclient - INFO - Module loaded.
2022-11-10 10:44:17,402 - elsapy.elsentity - INFO - Module loaded.
2022-11-10 10:44:17,402 - elsapy.elsdoc - INFO - Module loaded.
2022-11-10 10:44:17,403 - elsapy.utils - INFO - Module loaded.
2022-11-10 10:44:17,403 - elsapy.elsprofile - INFO - Module loaded.
2022-11-10 10:44:17,403 - elsapy.elssearch - INFO - Module loaded.
2022-11-10 10:45:28,613 - elsapy.elsclient - INFO - Module loaded.
2022-11-10 10:45:28,613 - elsapy.elsentity - INFO - Module loaded.
2022-11-10 10:45:28,614 - elsapy.elsdoc - INFO - Module loaded.
2022-11-10 10:45:28,614 - elsapy.utils - INFO - Module loaded.
2022-11-10 10:45:28,614 - elsapy.elsprofile - INFO - Module loaded.
2022-11-10 10:45:28,614 - elsapy.elssearch - INFO - Module loaded.
2022-11-10 11:12:27,780 - elsapy.elsclient - INFO - Module loaded.
2022-11-10 11:12:27,781 - elsapy.elsentity - INFO - Module loaded.
2022-11-10 11:12:27,781 - elsapy.elsdoc - INFO - Module loaded.
2022-11-10 11:12:27,782 - elsapy.utils - INFO - Module loaded.
2022-11-10 11:12:27,782 - elsapy.elsprofile - INFO - Module loaded.
2022-11-10 11:12:27,782 - elsapy.elssearch - INFO - Module loaded.
2022-11-10 11:12:55,434 - elsapy.elsclient - INFO - Module loaded.
2022-11-10 11:12:55,435 - elsapy.elsentity - INFO - Module loaded.
2022-11-10 11:12:55,435 - elsapy.elsdoc - INFO - Module loaded.
2022-11-10 11:12:55,435 - elsapy.utils - INFO - Module loaded.
2022-11-10 11:12:55,436 - elsapy.elsprofile - INFO - Module loaded.
2022-11-10 11:12:55,436 - elsapy.elssearch - INFO - Module loaded.
2022-11-10 11:38:36,783 - elsapy.elsclient - INFO - Module loaded.
2022-11-10 11:38:36,784 - elsapy.elsentity - INFO - Module loaded.
2022-11-10 11:38:36,784 - elsapy.elsdoc - INFO - Module loaded.
2022-11-10 11:38:36,785 - elsapy.utils - INFO - Module loaded.
2022-11-10 11:38:36,785 - elsapy.elsprofile - INFO - Module loaded.
2022-11-10 11:38:36,785 - elsapy.elssearch - INFO - Module loaded.
2022-11-10 11:43:39,077 - elsapy.elsclient - INFO - Module loaded.
2022-11-10 11:43:39,078 - elsapy.elsentity - INFO - Module loaded.
2022-11-10 11:43:39,078 - elsapy.elsdoc - INFO - Module loaded.
2022-11-10 11:43:39,079 - elsapy.utils - INFO - Module loaded.
2022-11-10 11:43:39,079 - elsapy.elsprofile - INFO - Module loaded.
2022-11-10 11:43:39,079 - elsapy.elssearch - INFO - Module loaded.
2022-11-10 11:46:21,423 - elsapy.elsclient - INFO - Module loaded.
2022-11-10 11:46:21,423 - elsapy.elsentity - INFO - Module loaded.
2022-11-10 11:46:21,424 - elsapy.elsdoc - INFO - Module loaded.
2022-11-10 11:46:21,424 - elsapy.utils - INFO - Module loaded.
2022-11-10 11:46:21,424 - elsapy.elsprofile - INFO - Module loaded.
2022-11-10 11:46:21,425 - elsapy.elssearch - INFO - Module loaded.
2022-11-10 11:47:36,612 - elsapy.elsclient - INFO - Module loaded.
2022-11-10 11:47:36,613 - elsapy.elsentity - INFO - Module loaded.
2022-11-10 11:47:36,613 - elsapy.elsdoc - INFO - Module loaded.
2022-11-10 11:47:36,614 - elsapy.utils - INFO - Module loaded.
2022-11-10 11:47:36,614 - elsapy.elsprofile - INFO - Module loaded.
2022-11-10 11:47:36,614 - elsapy.elssearch - INFO - Module loaded.
2022-11-10 11:55:14,372 - elsapy.elsclient - INFO - Module loaded.
2022-11-10 11:55:14,373 - elsapy.elsentity - INFO - Module loaded.
2022-11-10 11:55:14,373 - elsapy.elsdoc - INFO - Module loaded.
2022-11-10 11:55:14,374 - elsapy.utils - INFO - Module loaded.
2022-11-10 11:55:14,374 - elsapy.elsprofile - INFO - Module loaded.
2022-11-10 11:55:14,374 - elsapy.elssearch - INFO - Module loaded.
2022-11-10 12:08:20,306 - elsapy.elsclient - INFO - Module loaded.
2022-11-10 12:08:20,307 - elsapy.elsentity - INFO - Module loaded.
2022-11-10 12:08:20,307 - elsapy.elsdoc - INFO - Module loaded.
2022-11-10 12:08:20,308 - elsapy.utils - INFO - Module loaded.
2022-11-10 12:08:20,308 - elsapy.elsprofile - INFO - Module loaded.
2022-11-10 12:08:20,308 - elsapy.elssearch - INFO - Module loaded.
2022-11-10 12:09:30,211 - elsapy.elsclient - INFO - Module loaded.
2022-11-10 12:09:30,212 - elsapy.elsentity - INFO - Module loaded.
2022-11-10 12:09:30,212 - elsapy.elsdoc - INFO - Module loaded.
2022-11-10 12:09:30,212 - elsapy.utils - INFO - Module loaded.
2022-11-10 12:09:30,212 - elsapy.elsprofile - INFO - Module loaded.
2022-11-10 12:09:30,213 - elsapy.elssearch - INFO - Module loaded.
2022-11-10 12:10:00,987 - elsapy.elsclient - INFO - Module loaded.
2022-11-10 12:10:00,988 - elsapy.elsentity - INFO - Module loaded.
2022-11-10 12:10:00,988 - elsapy.elsdoc - INFO - Module loaded.
2022-11-10 12:10:00,988 - elsapy.utils - INFO - Module loaded.
2022-11-10 12:10:00,989 - elsapy.elsprofile - INFO - Module loaded.
2022-11-10 12:10:00,989 - elsapy.elssearch - INFO - Module loaded.
2022-11-10 12:10:15,631 - elsapy.elsclient - INFO - Module loaded.
2022-11-10 12:10:15,631 - elsapy.elsentity - INFO - Module loaded.
2022-11-10 12:10:15,631 - elsapy.elsdoc - INFO - Module loaded.
2022-11-10 12:10:15,632 - elsapy.utils - INFO - Module loaded.
2022-11-10 12:10:15,632 - elsapy.elsprofile - INFO - Module loaded.
2022-11-10 12:10:15,632 - elsapy.elssearch - INFO - Module loaded.
2022-11-10 12:11:07,273 - elsapy.elsclient - INFO - Module loaded.
2022-11-10 12:11:07,273 - elsapy.elsentity - INFO - Module loaded.
2022-11-10 12:11:07,274 - elsapy.elsdoc - INFO - Module loaded.
2022-11-10 12:11:07,274 - elsapy.utils - INFO - Module loaded.
2022-11-10 12:11:07,274 - elsapy.elsprofile - INFO - Module loaded.
2022-11-10 12:11:07,274 - elsapy.elssearch - INFO - Module loaded.
2022-11-10 12:12:27,260 - elsapy.elsclient - INFO - Module loaded.
2022-11-10 12:12:27,261 - elsapy.elsentity - INFO - Module loaded.
2022-11-10 12:12:27,261 - elsapy.elsdoc - INFO - Module loaded.
2022-11-10 12:12:27,261 - elsapy.utils - INFO - Module loaded.
2022-11-10 12:12:27,261 - elsapy.elsprofile - INFO - Module loaded.
2022-11-10 12:12:27,262 - elsapy.elssearch - INFO - Module loaded.
2022-11-10 12:16:43,131 - elsapy.elsclient - INFO - Module loaded.
2022-11-10 12:16:43,132 - elsapy.elsentity - INFO - Module loaded.
2022-11-10 12:16:43,132 - elsapy.elsdoc - INFO - Module loaded.
2022-11-10 12:16:43,132 - elsapy.utils - INFO - Module loaded.
2022-11-10 12:16:43,132 - elsapy.elsprofile - INFO - Module loaded.
2022-11-10 12:16:43,133 - elsapy.elssearch - INFO - Module loaded.
2022-11-10 12:18:10,797 - elsapy.elsclient - INFO - Module loaded.
2022-11-10 12:18:10,798 - elsapy.elsentity - INFO - Module loaded.
2022-11-10 12:18:10,798 - elsapy.elsdoc - INFO - Module loaded.
2022-11-10 12:18:10,798 - elsapy.utils - INFO - Module loaded.
2022-11-10 12:18:10,798 - elsapy.elsprofile - INFO - Module loaded.
2022-11-10 12:18:10,799 - elsapy.elssearch - INFO - Module loaded.
2022-11-10 16:21:11,899 - elsapy.elsclient - INFO - Module loaded.
2022-11-10 16:21:11,900 - elsapy.elsentity - INFO - Module loaded.
2022-11-10 16:21:11,900 - elsapy.elsdoc - INFO - Module loaded.
2022-11-10 16:21:11,901 - elsapy.utils - INFO - Module loaded.
2022-11-10 16:21:11,901 - elsapy.elsprofile - INFO - Module loaded.
2022-11-10 16:21:11,901 - elsapy.elssearch - INFO - Module loaded.
2022-11-10 16:21:47,543 - elsapy.elsclient - INFO - Module loaded.
2022-11-10 16:21:47,544 - elsapy.elsentity - INFO - Module loaded.
2022-11-10 16:21:47,544 - elsapy.elsdoc - INFO - Module loaded.
2022-11-10 16:21:47,545 - elsapy.utils - INFO - Module loaded.
2022-11-10 16:21:47,545 - elsapy.elsprofile - INFO - Module loaded.
2022-11-10 16:21:47,545 - elsapy.elssearch - INFO - Module loaded.
2022-11-10 16:58:26,505 - elsapy.elsclient - INFO - Module loaded.
2022-11-10 16:58:26,506 - elsapy.elsentity - INFO - Module loaded.
2022-11-10 16:58:26,506 - elsapy.elsdoc - INFO - Module loaded.
2022-11-10 16:58:26,506 - elsapy.utils - INFO - Module loaded.
2022-11-10 16:58:26,506 - elsapy.elsprofile - INFO - Module loaded.
2022-11-10 16:58:26,507 - elsapy.elssearch - INFO - Module loaded.
